<?xml version="1.0" encoding="UTF-8"?>
<!-- Generated by org.testng.reporters.JUnitReportReporter -->
<testsuite hostname="LAPTOP-MVJK2OM8" failures="0" tests="1" name="com.qa.test.TC_007_LogoutTest" time="10.733" errors="0" timestamp="2025-04-25T02:39:44 IST" skipped="0">
  <testcase classname="com.qa.test.TC_007_LogoutTest" name="verifyLogoutFunction" time="10.733"/>
</testsuite> <!-- com.qa.test.TC_007_LogoutTest -->
